###############################################################
#  Generated by:      Cadence Innovus 16.12-s051_1
#  OS:                Linux x86_64(Host ID ecegrid-thin4.ecn.purdue.edu)
#  Generated on:      Sat Apr 28 21:09:53 2018
#  Design:            AES_block
#  Command:           verify_drc
###############################################################

MINWIDTH: ( Minimum Width ) Special Wire of Net gnd  ( metal3 )
Bounds : ( 0.000, 3624.600 ) ( 33.300, 3625.500 )


MINWIDTH: ( Minimum Width ) Special Wire of Net gnd  ( metal3 )
Bounds : ( 0.000, 3523.800 ) ( 33.300, 3524.700 )


MINWIDTH: ( Minimum Width ) Special Wire of Net gnd  ( metal3 )
Bounds : ( 0.000, 3423.150 ) ( 33.300, 3424.050 )


MINWIDTH: ( Minimum Width ) Special Wire of Net gnd  ( metal3 )
Bounds : ( 0.000, 3322.500 ) ( 25.950, 3323.400 )


MINWIDTH: ( Minimum Width ) Special Wire of Net gnd  ( metal3 )
Bounds : ( 0.000, 3221.850 ) ( 25.950, 3222.750 )


MINWIDTH: ( Minimum Width ) Special Wire of Net gnd  ( metal3 )
Bounds : ( 0.000, 3121.050 ) ( 33.300, 3121.950 )


MINWIDTH: ( Minimum Width ) Special Wire of Net gnd  ( metal3 )
Bounds : ( 0.000, 3020.400 ) ( 25.950, 3021.300 )


MINWIDTH: ( Minimum Width ) Special Wire of Net gnd  ( metal3 )
Bounds : ( 0.000, 2919.750 ) ( 25.950, 2920.650 )


MINWIDTH: ( Minimum Width ) Special Wire of Net gnd  ( metal3 )
Bounds : ( 0.000, 2818.950 ) ( 25.950, 2819.850 )


MINWIDTH: ( Minimum Width ) Special Wire of Net gnd  ( metal3 )
Bounds : ( 0.000, 2718.300 ) ( 21.150, 2719.200 )


MINWIDTH: ( Minimum Width ) Special Wire of Net gnd  ( metal3 )
Bounds : ( 0.000, 2617.650 ) ( 25.950, 2618.550 )


MINWIDTH: ( Minimum Width ) Special Wire of Net gnd  ( metal3 )
Bounds : ( 0.000, 2516.850 ) ( 25.950, 2517.750 )


MINWIDTH: ( Minimum Width ) Special Wire of Net gnd  ( metal3 )
Bounds : ( 0.000, 2416.200 ) ( 33.300, 2417.100 )


MINWIDTH: ( Minimum Width ) Special Wire of Net gnd  ( metal3 )
Bounds : ( 0.000, 3725.250 ) ( 33.300, 3726.150 )


MINWIDTH: ( Minimum Width ) Special Wire of Net gnd  ( metal3 )
Bounds : ( 0.000, 3825.900 ) ( 33.300, 3826.800 )


MINWIDTH: ( Minimum Width ) Special Wire of Net gnd  ( metal3 )
Bounds : ( 0.000, 3926.700 ) ( 25.950, 3927.600 )


MINWIDTH: ( Minimum Width ) Special Wire of Net gnd  ( metal3 )
Bounds : ( 0.000, 4027.350 ) ( 33.300, 4028.250 )


MINWIDTH: ( Minimum Width ) Special Wire of Net gnd  ( metal3 )
Bounds : ( 0.000, 4128.000 ) ( 25.950, 4128.900 )


MINWIDTH: ( Minimum Width ) Special Wire of Net gnd  ( metal3 )
Bounds : ( 0.000, 4228.800 ) ( 25.950, 4229.700 )


MINWIDTH: ( Minimum Width ) Special Wire of Net gnd  ( metal3 )
Bounds : ( 0.000, 4329.450 ) ( 25.950, 4330.350 )


MINWIDTH: ( Minimum Width ) Special Wire of Net gnd  ( metal3 )
Bounds : ( 0.000, 4430.100 ) ( 21.150, 4431.000 )


MINWIDTH: ( Minimum Width ) Special Wire of Net gnd  ( metal3 )
Bounds : ( 0.000, 4530.750 ) ( 25.950, 4531.650 )


MINWIDTH: ( Minimum Width ) Special Wire of Net gnd  ( metal3 )
Bounds : ( 0.000, 2214.900 ) ( 21.150, 2215.800 )


MINWIDTH: ( Minimum Width ) Special Wire of Net gnd  ( metal3 )
Bounds : ( 0.000, 2114.100 ) ( 25.950, 2115.000 )


MINWIDTH: ( Minimum Width ) Special Wire of Net gnd  ( metal3 )
Bounds : ( 0.000, 2013.450 ) ( 25.950, 2014.350 )


MINWIDTH: ( Minimum Width ) Special Wire of Net gnd  ( metal3 )
Bounds : ( 0.000, 1912.800 ) ( 25.950, 1913.700 )


MINWIDTH: ( Minimum Width ) Special Wire of Net gnd  ( metal3 )
Bounds : ( 0.000, 1812.000 ) ( 25.950, 1812.900 )


MINWIDTH: ( Minimum Width ) Special Wire of Net gnd  ( metal3 )
Bounds : ( 0.000, 1711.350 ) ( 33.300, 1712.250 )


MINWIDTH: ( Minimum Width ) Special Wire of Net gnd  ( metal3 )
Bounds : ( 0.000, 1610.700 ) ( 25.950, 1611.600 )


MINWIDTH: ( Minimum Width ) Special Wire of Net gnd  ( metal3 )
Bounds : ( 0.000, 1509.900 ) ( 33.300, 1510.800 )


MINWIDTH: ( Minimum Width ) Special Wire of Net vdd  ( metal3 )
Bounds : ( 4625.100, 1102.350 ) ( 4634.400, 1103.250 )


MINWIDTH: ( Minimum Width ) Special Wire of Net vdd  ( metal3 )
Bounds : ( 4620.300, 992.100 ) ( 4634.400, 993.000 )


MINWIDTH: ( Minimum Width ) Special Wire of Net vdd  ( metal3 )
Bounds : ( 4620.300, 881.850 ) ( 4634.400, 882.750 )


MINWIDTH: ( Minimum Width ) Special Wire of Net vdd  ( metal3 )
Bounds : ( 4627.650, 440.700 ) ( 4634.400, 441.600 )


MINWIDTH: ( Minimum Width ) Special Wire of Net gnd  ( metal3 )
Bounds : ( 4601.100, 550.950 ) ( 4634.400, 551.850 )


MINWIDTH: ( Minimum Width ) Special Wire of Net gnd  ( metal3 )
Bounds : ( 4613.250, 330.450 ) ( 4634.400, 331.350 )


MINWIDTH: ( Minimum Width ) Special Wire of Net gnd  ( metal3 )
Bounds : ( 0.000, 2315.550 ) ( 25.950, 2316.450 )


  Total Violations : 37 Viols.
